Start testing: May 30 19:39 ?D1迆㊣那℅?那㊣??
----------------------------------------------------------
1/1 Testing: output_usage
1/1 Test: output_usage
Command: "E:/code/c,cpp/cxjser/out/windows/src/Debug/cxjser.exe"
Directory: E:/code/c,cpp/cxjser/out/windows
"output_usage" start time: May 30 19:39 ?D1迆㊣那℅?那㊣??
Output:
----------------------------------------------------------
Usage : E:/code/c,cpp/cxjser/out/windows/src/Debug/cxjser.exefile
<end of output>
Test time =   0.07 sec
----------------------------------------------------------
Test Pass Reason:
Required regular expression found. Regex=[Usage]
"output_usage" end time: May 30 19:39 ?D1迆㊣那℅?那㊣??
"output_usage" time elapsed: 00:00:00
----------------------------------------------------------

End testing: May 30 19:39 ?D1迆㊣那℅?那㊣??
